<?xml version="1.0" encoding="UTF-8"?>
<testsuite name="tetris.GameOverTests" tests="4" skipped="0" failures="0" errors="0" timestamp="2024-10-01T16:57:51" hostname="fedorita" time="0.028">
  <properties/>
  <testcase name="testGameOver" classname="tetris.GameOverTests" time="0.007"/>
  <testcase name="testNoEscapeGameOver" classname="tetris.GameOverTests" time="0.004"/>
  <testcase name="testNoEscapeGameOver2" classname="tetris.GameOverTests" time="0.006"/>
  <testcase name="testNoGameOverTightFit" classname="tetris.GameOverTests" time="0.007"/>
  <system-out><![CDATA[]]></system-out>
  <system-err><![CDATA[]]></system-err>
</testsuite>
