<?xml version="1.0" encoding="UTF-8"?>
<testsuite name="tetris.MovementTests" tests="2" skipped="0" failures="0" errors="0" timestamp="2024-10-01T16:57:51" hostname="fedorita" time="0.052">
  <properties/>
  <testcase name="testMovement" classname="tetris.MovementTests" time="0.027"/>
  <testcase name="testMovement2" classname="tetris.MovementTests" time="0.02"/>
  <system-out><![CDATA[]]></system-out>
  <system-err><![CDATA[]]></system-err>
</testsuite>
