<?xml version="1.0" encoding="UTF-8"?>
<testsuite name="tetris.ClearLinesTests" tests="5" skipped="0" failures="0" errors="0" timestamp="2024-10-01T16:57:51" hostname="fedorita" time="0.046">
  <properties/>
  <testcase name="testClear1Line" classname="tetris.ClearLinesTests" time="0.006"/>
  <testcase name="testClear1LineMiddle" classname="tetris.ClearLinesTests" time="0.008"/>
  <testcase name="testClear2Lines" classname="tetris.ClearLinesTests" time="0.006"/>
  <testcase name="testClear3Lines" classname="tetris.ClearLinesTests" time="0.009"/>
  <testcase name="testClear4Lines" classname="tetris.ClearLinesTests" time="0.008"/>
  <system-out><![CDATA[]]></system-out>
  <system-err><![CDATA[]]></system-err>
</testsuite>
