<?xml version="1.0" encoding="UTF-8"?>
<testsuite name="tetris.SpawnTests" tests="2" skipped="0" failures="0" errors="0" timestamp="2024-10-01T16:57:51" hostname="fedorita" time="0.027">
  <properties/>
  <testcase name="testSpawn" classname="tetris.SpawnTests" time="0.016"/>
  <testcase name="testSpawn2" classname="tetris.SpawnTests" time="0.008"/>
  <system-out><![CDATA[]]></system-out>
  <system-err><![CDATA[]]></system-err>
</testsuite>
