<?xml version="1.0" encoding="UTF-8"?>
<testsuite name="tetris.RotateBackToStartTests" tests="4" skipped="0" failures="0" errors="0" timestamp="2024-10-01T16:57:51" hostname="fedorita" time="0.059">
  <properties/>
  <testcase name="testRotate360" classname="tetris.RotateBackToStartTests" time="0.012"/>
  <testcase name="testRotate360CC" classname="tetris.RotateBackToStartTests" time="0.025"/>
  <testcase name="testRotateLeftRight" classname="tetris.RotateBackToStartTests" time="0.008"/>
  <testcase name="testRotateRightLeft" classname="tetris.RotateBackToStartTests" time="0.011"/>
  <system-out><![CDATA[]]></system-out>
  <system-err><![CDATA[]]></system-err>
</testsuite>
