<?xml version="1.0" encoding="UTF-8"?>
<testsuite name="tetris.BlockedTests" tests="11" skipped="0" failures="0" errors="0" timestamp="2024-10-01T16:57:51" hostname="fedorita" time="0.083">
  <properties/>
  <testcase name="testMoveOutLeft" classname="tetris.BlockedTests" time="0.008"/>
  <testcase name="testMoveOutRight" classname="tetris.BlockedTests" time="0.008"/>
  <testcase name="testBlockedByBlocksLeft" classname="tetris.BlockedTests" time="0.007"/>
  <testcase name="testBlockedByBlocksRight" classname="tetris.BlockedTests" time="0.009"/>
  <testcase name="testBlockedByBlocksRotateLeft" classname="tetris.BlockedTests" time="0.009"/>
  <testcase name="testBlockedByBlocksRotateRight" classname="tetris.BlockedTests" time="0.006"/>
  <testcase name="testRotateLeftOutRight" classname="tetris.BlockedTests" time="0.005"/>
  <testcase name="testRotateRightOutRight" classname="tetris.BlockedTests" time="0.008"/>
  <testcase name="testRotateLeftOutLeft" classname="tetris.BlockedTests" time="0.006"/>
  <testcase name="testRotateRightOutLeft" classname="tetris.BlockedTests" time="0.003"/>
  <testcase name="testRotateOutBottom" classname="tetris.BlockedTests" time="0.003"/>
  <system-out><![CDATA[]]></system-out>
  <system-err><![CDATA[]]></system-err>
</testsuite>
