<?xml version="1.0" encoding="UTF-8"?>
<testsuite name="tetris.MovementTests" tests="2" skipped="0" failures="0" errors="0" timestamp="2024-09-27T15:00:05" hostname="fedorita" time="0.032">
  <properties/>
  <testcase name="testMovement" classname="tetris.MovementTests" time="0.018"/>
  <testcase name="testMovement2" classname="tetris.MovementTests" time="0.013"/>
  <system-out><![CDATA[]]></system-out>
  <system-err><![CDATA[]]></system-err>
</testsuite>
