<?xml version="1.0" encoding="UTF-8"?>
<testsuite name="tetris.RotateBackToStartTests" tests="4" skipped="0" failures="0" errors="0" timestamp="2024-09-27T15:00:05" hostname="fedorita" time="0.028">
  <properties/>
  <testcase name="testRotate360" classname="tetris.RotateBackToStartTests" time="0.008"/>
  <testcase name="testRotate360CC" classname="tetris.RotateBackToStartTests" time="0.004"/>
  <testcase name="testRotateLeftRight" classname="tetris.RotateBackToStartTests" time="0.006"/>
  <testcase name="testRotateRightLeft" classname="tetris.RotateBackToStartTests" time="0.009"/>
  <system-out><![CDATA[]]></system-out>
  <system-err><![CDATA[]]></system-err>
</testsuite>
